<?xml version="1.0" encoding="UTF-8"?>
<testsuite xmlns:xsi="http://www.w3.org/2001/XMLSchema-instance" xsi:noNamespaceSchemaLocation="https://maven.apache.org/surefire/maven-surefire-plugin/xsd/surefire-test-report.xsd" name="com.omkar.app.AppTest" time="0.058" tests="2" errors="0" skipped="0" failures="1">
  <properties>
    <property name="java.specification.version" value="20"/>
    <property name="sun.jnu.encoding" value="UTF-8"/>
    <property name="java.class.path" value="/mnt/AE8C67CE8C67901F/Algocamp/ORM_Impl/my-app/target/test-classes:/mnt/AE8C67CE8C67901F/Algocamp/ORM_Impl/my-app/target/classes:/home/omkar/.m2/repository/junit/junit/4.11/junit-4.11.jar:/home/omkar/.m2/repository/org/hamcrest/hamcrest-core/1.3/hamcrest-core-1.3.jar:/home/omkar/.m2/repository/org/apache/commons/commons-lang3/3.0/commons-lang3-3.0.jar:"/>
    <property name="java.vm.vendor" value="Oracle Corporation"/>
    <property name="sun.arch.data.model" value="64"/>
    <property name="java.vendor.url" value="https://java.oracle.com/"/>
    <property name="os.name" value="Linux"/>
    <property name="java.vm.specification.version" value="20"/>
    <property name="sun.java.launcher" value="SUN_STANDARD"/>
    <property name="user.country" value="IN"/>
    <property name="sun.boot.library.path" value="/home/omkar/.jdks/openjdk-20.0.2/lib"/>
    <property name="sun.java.command" value="/mnt/AE8C67CE8C67901F/Algocamp/ORM_Impl/my-app/target/surefire/surefirebooter10818119642706162014.jar /mnt/AE8C67CE8C67901F/Algocamp/ORM_Impl/my-app/target/surefire 2024-01-27T16-52-56_224-jvmRun1 surefire17989094082553345227tmp surefire_010215416245609163594tmp"/>
    <property name="jdk.debug" value="release"/>
    <property name="surefire.test.class.path" value="/mnt/AE8C67CE8C67901F/Algocamp/ORM_Impl/my-app/target/test-classes:/mnt/AE8C67CE8C67901F/Algocamp/ORM_Impl/my-app/target/classes:/home/omkar/.m2/repository/junit/junit/4.11/junit-4.11.jar:/home/omkar/.m2/repository/org/hamcrest/hamcrest-core/1.3/hamcrest-core-1.3.jar:/home/omkar/.m2/repository/org/apache/commons/commons-lang3/3.0/commons-lang3-3.0.jar:"/>
    <property name="sun.cpu.endian" value="little"/>
    <property name="user.home" value="/home/omkar"/>
    <property name="user.language" value="en"/>
    <property name="java.specification.vendor" value="Oracle Corporation"/>
    <property name="java.version.date" value="2023-07-18"/>
    <property name="java.home" value="/home/omkar/.jdks/openjdk-20.0.2"/>
    <property name="file.separator" value="/"/>
    <property name="basedir" value="/mnt/AE8C67CE8C67901F/Algocamp/ORM_Impl/my-app"/>
    <property name="java.vm.compressedOopsMode" value="32-bit"/>
    <property name="line.separator" value="&#10;"/>
    <property name="java.specification.name" value="Java Platform API Specification"/>
    <property name="java.vm.specification.vendor" value="Oracle Corporation"/>
    <property name="surefire.real.class.path" value="/mnt/AE8C67CE8C67901F/Algocamp/ORM_Impl/my-app/target/surefire/surefirebooter10818119642706162014.jar"/>
    <property name="sun.management.compiler" value="HotSpot 64-Bit Tiered Compilers"/>
    <property name="java.runtime.version" value="20.0.2+9-78"/>
    <property name="user.name" value="omkar"/>
    <property name="stdout.encoding" value="UTF-8"/>
    <property name="path.separator" value=":"/>
    <property name="os.version" value="6.5.0-15-generic"/>
    <property name="java.runtime.name" value="OpenJDK Runtime Environment"/>
    <property name="file.encoding" value="UTF-8"/>
    <property name="java.vm.name" value="OpenJDK 64-Bit Server VM"/>
    <property name="localRepository" value="/home/omkar/.m2/repository"/>
    <property name="java.vendor.url.bug" value="https://bugreport.java.com/bugreport/"/>
    <property name="java.io.tmpdir" value="/tmp"/>
    <property name="idea.version" value="2023.1.2"/>
    <property name="java.version" value="20.0.2"/>
    <property name="user.dir" value="/mnt/AE8C67CE8C67901F/Algocamp/ORM_Impl/my-app"/>
    <property name="os.arch" value="amd64"/>
    <property name="java.vm.specification.name" value="Java Virtual Machine Specification"/>
    <property name="native.encoding" value="UTF-8"/>
    <property name="java.library.path" value="/usr/java/packages/lib:/usr/lib64:/lib64:/lib:/usr/lib"/>
    <property name="java.vm.info" value="mixed mode, sharing"/>
    <property name="stderr.encoding" value="UTF-8"/>
    <property name="java.vendor" value="Oracle Corporation"/>
    <property name="java.vm.version" value="20.0.2+9-78"/>
    <property name="sun.io.unicode.encoding" value="UnicodeLittle"/>
    <property name="java.class.version" value="64.0"/>
  </properties>
  <testcase name="shouldAnswerWithTrue" classname="com.omkar.app.AppTest" time="0.017">
    <failure message="Basic Query Generated expected:&lt;..., age FROM Employees[]&gt; but was:&lt;..., age FROM Employees[ WHERE  INNER JOIN  ON  ORDER BY *]&gt;" type="org.junit.ComparisonFailure"><![CDATA[org.junit.ComparisonFailure: Basic Query Generated expected:<..., age FROM Employees[]> but was:<..., age FROM Employees[ WHERE  INNER JOIN  ON  ORDER BY *]>
	at com.omkar.app.AppTest.shouldAnswerWithTrue(AppTest.java:22)
]]></failure>
  </testcase>
  <testcase name="testQuerySpacing" classname="com.omkar.app.AppTest" time="0"/>
</testsuite>